[47886:259:0918/185857.660103:INFO:CONSOLE(1)] "fun-hooks: referenced 'adpod' but it was never created", source: https://play.typeracer.com/ (1)
[47886:259:0918/185858.653481:INFO:CONSOLE(1)] "::: EG: launchAds :::", source: https://typeracer.com/dynamic_content/dynamic_content.min.js (1)
[47886:259:0918/185900.116867:INFO:CONSOLE(18)] "This ad's html cannot be accessed using the getHtml method on googletag.Slot. Returning the empty string instead.", source: https://securepubads.g.doubleclick.net/gpt/pubads_impl_2022091301.js (18)
[47886:259:0918/185900.120091:INFO:CONSOLE(18)] "This ad's html cannot be accessed using the getHtml method on googletag.Slot. Returning the empty string instead.", source: https://securepubads.g.doubleclick.net/gpt/pubads_impl_2022091301.js (18)
[47886:259:0918/185901.556450:INFO:CONSOLE(399)] "urlOpt: null", source: https://s0.2mdn.net/sadbundle/224100845922823654/BLU_Theatrical_HTML_160x600_allDates_v2/main.js (399)
[47886:259:0918/185901.556486:INFO:CONSOLE(400)] "jsOpt: false", source: https://s0.2mdn.net/sadbundle/224100845922823654/BLU_Theatrical_HTML_160x600_allDates_v2/main.js (400)
[47886:259:0918/185901.556530:INFO:CONSOLE(418)] "urlCt: null", source: https://s0.2mdn.net/sadbundle/224100845922823654/BLU_Theatrical_HTML_160x600_allDates_v2/main.js (418)
[47886:259:0918/185901.556642:INFO:CONSOLE(440)] "
dateChecker v1.4:", source: https://s0.2mdn.net/sadbundle/224100845922823654/BLU_Theatrical_HTML_160x600_allDates_v2/main.js (440)
[47886:259:0918/185901.556687:INFO:CONSOLE(453)] "urlDate: null", source: https://s0.2mdn.net/sadbundle/224100845922823654/BLU_Theatrical_HTML_160x600_allDates_v2/main.js (453)
[47886:259:0918/185901.556830:INFO:CONSOLE(457)] "currentDate: Sun Sep 18 2022 18:59:01 GMT-0400 (Eastern Daylight Time)", source: https://s0.2mdn.net/sadbundle/224100845922823654/BLU_Theatrical_HTML_160x600_allDates_v2/main.js (457)
[47886:259:0918/185901.556851:INFO:CONSOLE(463)] "targetDate2: Sat Sep 10 2022 00:00:00 GMT-0400 (Eastern Daylight Time)", source: https://s0.2mdn.net/sadbundle/224100845922823654/BLU_Theatrical_HTML_160x600_allDates_v2/main.js (463)
[47886:259:0918/185901.556870:INFO:CONSOLE(463)] "targetDate3: Sun Sep 18 2022 00:00:00 GMT-0400 (Eastern Daylight Time)", source: https://s0.2mdn.net/sadbundle/224100845922823654/BLU_Theatrical_HTML_160x600_allDates_v2/main.js (463)
[47886:259:0918/185901.556890:INFO:CONSOLE(463)] "targetDate4: Fri Sep 23 2022 00:00:00 GMT-0400 (Eastern Daylight Time)", source: https://s0.2mdn.net/sadbundle/224100845922823654/BLU_Theatrical_HTML_160x600_allDates_v2/main.js (463)
[47886:259:0918/185901.556921:INFO:CONSOLE(494)] "dateChecker: targetDate3", source: https://s0.2mdn.net/sadbundle/224100845922823654/BLU_Theatrical_HTML_160x600_allDates_v2/main.js (494)
[47886:259:0918/185901.556945:INFO:CONSOLE(557)] "
", source: https://s0.2mdn.net/sadbundle/224100845922823654/BLU_Theatrical_HTML_160x600_allDates_v2/main.js (557)
[47886:259:0918/185901.557167:INFO:CONSOLE(734)] "isSafari: false", source: https://s0.2mdn.net/sadbundle/224100845922823654/BLU_Theatrical_HTML_160x600_allDates_v2/main.js (734)
[47886:259:0918/185901.557954:INFO:CONSOLE(13)] "resolution: 2", source: https://s0.2mdn.net/sadbundle/224100845922823654/BLU_Theatrical_HTML_160x600_allDates_v2/fx.js (13)
[47886:259:0918/185901.585232:INFO:CONSOLE(570)] "init()", source: https://s0.2mdn.net/sadbundle/224100845922823654/BLU_Theatrical_HTML_160x600_allDates_v2/main.js (570)
[47886:259:0918/185901.603322:INFO:CONSOLE(69)] "end_tl start", source: https://s0.2mdn.net/sadbundle/224100845922823654/BLU_Theatrical_HTML_160x600_allDates_v2/main.js (69)
[47886:259:0918/185901.611916:INFO:CONSOLE(277)] "start_fx", source: https://s0.2mdn.net/sadbundle/224100845922823654/BLU_Theatrical_HTML_160x600_allDates_v2/main.js (277)
[47886:259:0918/185901.617883:INFO:CONSOLE(317)] "start_fx2", source: https://s0.2mdn.net/sadbundle/224100845922823654/BLU_Theatrical_HTML_160x600_allDates_v2/main.js (317)
[47886:259:0918/185902.738013:INFO:CONSOLE(1)] "Failed to execute 'write' on 'Document': It isn't possible to write into a document from an asynchronously-loaded external script unless it is explicitly opened.", source: https://image6.pubmatic.com/AdServer/PugMaster?sec=1&async=1&kdntuid=1&rnd=1341201&p=156751&s=0&a=0&ptask=ALL&np=0&fp=0&rp=0&mpc=0&spug=1&coppa=0&gdpr=0&gdpr_consent=&us_privacy=1YNN (1)
[47886:259:0918/185902.738054:INFO:CONSOLE(1)] "Failed to execute 'write' on 'Document': It isn't possible to write into a document from an asynchronously-loaded external script unless it is explicitly opened.", source: https://image6.pubmatic.com/AdServer/PugMaster?sec=1&async=1&kdntuid=1&rnd=1341201&p=156751&s=0&a=0&ptask=ALL&np=0&fp=0&rp=0&mpc=0&spug=1&coppa=0&gdpr=0&gdpr_consent=&us_privacy=1YNN (1)
[47886:259:0918/185902.738065:INFO:CONSOLE(1)] "Failed to execute 'write' on 'Document': It isn't possible to write into a document from an asynchronously-loaded external script unless it is explicitly opened.", source: https://image6.pubmatic.com/AdServer/PugMaster?sec=1&async=1&kdntuid=1&rnd=1341201&p=156751&s=0&a=0&ptask=ALL&np=0&fp=0&rp=0&mpc=0&spug=1&coppa=0&gdpr=0&gdpr_consent=&us_privacy=1YNN (1)
[47886:259:0918/185902.738076:INFO:CONSOLE(1)] "Failed to execute 'write' on 'Document': It isn't possible to write into a document from an asynchronously-loaded external script unless it is explicitly opened.", source: https://image6.pubmatic.com/AdServer/PugMaster?sec=1&async=1&kdntuid=1&rnd=1341201&p=156751&s=0&a=0&ptask=ALL&np=0&fp=0&rp=0&mpc=0&spug=1&coppa=0&gdpr=0&gdpr_consent=&us_privacy=1YNN (1)
[47886:259:0918/185902.738085:INFO:CONSOLE(1)] "Failed to execute 'write' on 'Document': It isn't possible to write into a document from an asynchronously-loaded external script unless it is explicitly opened.", source: https://image6.pubmatic.com/AdServer/PugMaster?sec=1&async=1&kdntuid=1&rnd=1341201&p=156751&s=0&a=0&ptask=ALL&np=0&fp=0&rp=0&mpc=0&spug=1&coppa=0&gdpr=0&gdpr_consent=&us_privacy=1YNN (1)
[47886:259:0918/185902.738094:INFO:CONSOLE(1)] "Failed to execute 'write' on 'Document': It isn't possible to write into a document from an asynchronously-loaded external script unless it is explicitly opened.", source: https://image6.pubmatic.com/AdServer/PugMaster?sec=1&async=1&kdntuid=1&rnd=1341201&p=156751&s=0&a=0&ptask=ALL&np=0&fp=0&rp=0&mpc=0&spug=1&coppa=0&gdpr=0&gdpr_consent=&us_privacy=1YNN (1)
[47886:259:0918/185902.738103:INFO:CONSOLE(1)] "Failed to execute 'write' on 'Document': It isn't possible to write into a document from an asynchronously-loaded external script unless it is explicitly opened.", source: https://image6.pubmatic.com/AdServer/PugMaster?sec=1&async=1&kdntuid=1&rnd=1341201&p=156751&s=0&a=0&ptask=ALL&np=0&fp=0&rp=0&mpc=0&spug=1&coppa=0&gdpr=0&gdpr_consent=&us_privacy=1YNN (1)
[47886:259:0918/185902.738113:INFO:CONSOLE(1)] "Failed to execute 'write' on 'Document': It isn't possible to write into a document from an asynchronously-loaded external script unless it is explicitly opened.", source: https://image6.pubmatic.com/AdServer/PugMaster?sec=1&async=1&kdntuid=1&rnd=1341201&p=156751&s=0&a=0&ptask=ALL&np=0&fp=0&rp=0&mpc=0&spug=1&coppa=0&gdpr=0&gdpr_consent=&us_privacy=1YNN (1)
[47886:259:0918/185902.738122:INFO:CONSOLE(1)] "Failed to execute 'write' on 'Document': It isn't possible to write into a document from an asynchronously-loaded external script unless it is explicitly opened.", source: https://image6.pubmatic.com/AdServer/PugMaster?sec=1&async=1&kdntuid=1&rnd=1341201&p=156751&s=0&a=0&ptask=ALL&np=0&fp=0&rp=0&mpc=0&spug=1&coppa=0&gdpr=0&gdpr_consent=&us_privacy=1YNN (1)
[47886:259:0918/185902.738131:INFO:CONSOLE(1)] "Failed to execute 'write' on 'Document': It isn't possible to write into a document from an asynchronously-loaded external script unless it is explicitly opened.", source: https://image6.pubmatic.com/AdServer/PugMaster?sec=1&async=1&kdntuid=1&rnd=1341201&p=156751&s=0&a=0&ptask=ALL&np=0&fp=0&rp=0&mpc=0&spug=1&coppa=0&gdpr=0&gdpr_consent=&us_privacy=1YNN (1)
[47886:259:0918/185902.738143:INFO:CONSOLE(1)] "Failed to execute 'write' on 'Document': It isn't possible to write into a document from an asynchronously-loaded external script unless it is explicitly opened.", source: https://image6.pubmatic.com/AdServer/PugMaster?sec=1&async=1&kdntuid=1&rnd=1341201&p=156751&s=0&a=0&ptask=ALL&np=0&fp=0&rp=0&mpc=0&spug=1&coppa=0&gdpr=0&gdpr_consent=&us_privacy=1YNN (1)
[47886:259:0918/185902.738161:INFO:CONSOLE(1)] "Failed to execute 'write' on 'Document': It isn't possible to write into a document from an asynchronously-loaded external script unless it is explicitly opened.", source: https://image6.pubmatic.com/AdServer/PugMaster?sec=1&async=1&kdntuid=1&rnd=1341201&p=156751&s=0&a=0&ptask=ALL&np=0&fp=0&rp=0&mpc=0&spug=1&coppa=0&gdpr=0&gdpr_consent=&us_privacy=1YNN (1)
[47886:259:0918/185902.738175:INFO:CONSOLE(1)] "Failed to execute 'write' on 'Document': It isn't possible to write into a document from an asynchronously-loaded external script unless it is explicitly opened.", source: https://image6.pubmatic.com/AdServer/PugMaster?sec=1&async=1&kdntuid=1&rnd=1341201&p=156751&s=0&a=0&ptask=ALL&np=0&fp=0&rp=0&mpc=0&spug=1&coppa=0&gdpr=0&gdpr_consent=&us_privacy=1YNN (1)
[47886:259:0918/185902.738184:INFO:CONSOLE(1)] "Failed to execute 'write' on 'Document': It isn't possible to write into a document from an asynchronously-loaded external script unless it is explicitly opened.", source: https://image6.pubmatic.com/AdServer/PugMaster?sec=1&async=1&kdntuid=1&rnd=1341201&p=156751&s=0&a=0&ptask=ALL&np=0&fp=0&rp=0&mpc=0&spug=1&coppa=0&gdpr=0&gdpr_consent=&us_privacy=1YNN (1)
[47886:259:0918/185902.738192:INFO:CONSOLE(1)] "Failed to execute 'write' on 'Document': It isn't possible to write into a document from an asynchronously-loaded external script unless it is explicitly opened.", source: https://image6.pubmatic.com/AdServer/PugMaster?sec=1&async=1&kdntuid=1&rnd=1341201&p=156751&s=0&a=0&ptask=ALL&np=0&fp=0&rp=0&mpc=0&spug=1&coppa=0&gdpr=0&gdpr_consent=&us_privacy=1YNN (1)
[47886:259:0918/185902.738201:INFO:CONSOLE(1)] "Failed to execute 'write' on 'Document': It isn't possible to write into a document from an asynchronously-loaded external script unless it is explicitly opened.", source: https://image6.pubmatic.com/AdServer/PugMaster?sec=1&async=1&kdntuid=1&rnd=1341201&p=156751&s=0&a=0&ptask=ALL&np=0&fp=0&rp=0&mpc=0&spug=1&coppa=0&gdpr=0&gdpr_consent=&us_privacy=1YNN (1)
[47886:259:0918/185908.612581:INFO:CONSOLE(0)] "The resource https://play.typeracer.com/js/animations/lottie.min.js was preloaded using link preload but not used within a few seconds from the window's load event. Please make sure it has an appropriate `as` value and it is preloaded intentionally.", source: https://play.typeracer.com/ (0)
[47886:259:0918/185913.140221:WARNING:controller_impl.cc(1190)] Background download complete, client: 6, completion type: 0, file size:265060
[47886:259:0918/185913.239004:WARNING:controller_impl.cc(1190)] Background download complete, client: 6, completion type: 0, file size:35035971
[47886:259:0918/185914.232304:INFO:CONSOLE(220)] "startEndFx", source: https://s0.2mdn.net/sadbundle/224100845922823654/BLU_Theatrical_HTML_160x600_allDates_v2/main.js (220)
[47886:259:0918/185914.232456:INFO:CONSOLE(224)] "endFx_tl1 progress: 0", source: https://s0.2mdn.net/sadbundle/224100845922823654/BLU_Theatrical_HTML_160x600_allDates_v2/main.js (224)
[47886:259:0918/185914.232690:INFO:CONSOLE(277)] "start_fx", source: https://s0.2mdn.net/sadbundle/224100845922823654/BLU_Theatrical_HTML_160x600_allDates_v2/main.js (277)
[47886:259:0918/185914.239154:INFO:CONSOLE(317)] "start_fx2", source: https://s0.2mdn.net/sadbundle/224100845922823654/BLU_Theatrical_HTML_160x600_allDates_v2/main.js (317)
[47886:259:0918/185914.681177:INFO:CONSOLE(0)] "The resource https://play.typeracer.com/js/animations/lottie.min.js was preloaded using link preload but not used within a few seconds from the window's load event. Please make sure it has an appropriate `as` value and it is preloaded intentionally.", source: https://play.typeracer.com/ (0)
[47886:259:0918/185916.598707:INFO:CONSOLE(140)] "end_tl end (total: 15s)", source: https://s0.2mdn.net/sadbundle/224100845922823654/BLU_Theatrical_HTML_160x600_allDates_v2/main.js (140)
[47886:259:0918/185917.394473:WARNING:controller_impl.cc(1190)] Background download complete, client: 6, completion type: 0, file size:9419
[47886:259:0918/185919.215891:INFO:CONSOLE(196)] "endFx_tl1 end (total: 5s)", source: https://s0.2mdn.net/sadbundle/224100845922823654/BLU_Theatrical_HTML_160x600_allDates_v2/main.js (196)
[47886:259:0918/185920.298223:INFO:CONSOLE(0)] "The resource https://play.typeracer.com/js/animations/lottie.min.js was preloaded using link preload but not used within a few seconds from the window's load event. Please make sure it has an appropriate `as` value and it is preloaded intentionally.", source: https://play.typeracer.com/ (0)
[47886:259:0918/185924.648684:INFO:CONSOLE(0)] "The resource https://play.typeracer.com/js/animations/lottie.min.js was preloaded using link preload but not used within a few seconds from the window's load event. Please make sure it has an appropriate `as` value and it is preloaded intentionally.", source: https://play.typeracer.com/ (0)
[47886:259:0918/185941.473252:INFO:CONSOLE(0)] "The resource https://play.typeracer.com/js/animations/lottie.min.js was preloaded using link preload but not used within a few seconds from the window's load event. Please make sure it has an appropriate `as` value and it is preloaded intentionally.", source: https://play.typeracer.com/ (0)
[47886:259:0918/185952.881638:INFO:CONSOLE(140)] "The deviceorientation events are blocked by permissions policy. See https://github.com/w3c/webappsec-permissions-policy/blob/master/features.md#sensor-features", source: https://z.moatads.com/mediacomusuberdcmdisplay780883465446/moatad.js (140)
[47886:259:0918/185952.955092:INFO:CONSOLE(140)] "The deviceorientation events are blocked by permissions policy. See https://github.com/w3c/webappsec-permissions-policy/blob/master/features.md#sensor-features", source: https://z.moatads.com/mediacomusuberdcmdisplay780883465446/moatad.js (140)
[47886:259:0918/190028.771566:INFO:CONSOLE(140)] "The deviceorientation events are blocked by permissions policy. See https://github.com/w3c/webappsec-permissions-policy/blob/master/features.md#sensor-features", source: https://z.moatads.com/mediacomusuberdcmdisplay780883465446/moatad.js (140)
[47886:259:0918/190028.875878:INFO:CONSOLE(140)] "The deviceorientation events are blocked by permissions policy. See https://github.com/w3c/webappsec-permissions-policy/blob/master/features.md#sensor-features", source: https://z.moatads.com/mediacomusuberdcmdisplay780883465446/moatad.js (140)
[47886:259:0918/190028.938593:INFO:CONSOLE(0)] "The resource https://play.typeracer.com/js/animations/lottie.min.js was preloaded using link preload but not used within a few seconds from the window's load event. Please make sure it has an appropriate `as` value and it is preloaded intentionally.", source: https://play.typeracer.com/ (0)
[47886:259:0918/190104.329554:INFO:CONSOLE(122)] "Unrecognized feature: 'attribution-reporting'.", source: https://pagead2.googlesyndication.com/pagead/js/dv3.js (122)
[47886:259:0918/190104.345112:INFO:CONSOLE(122)] "Unrecognized feature: 'attribution-reporting'.", source: https://pagead2.googlesyndication.com/pagead/js/dv3.js (122)
[47886:259:0918/190104.712454:INFO:CONSOLE(140)] "The deviceorientation events are blocked by permissions policy. See https://github.com/w3c/webappsec-permissions-policy/blob/master/features.md#sensor-features", source: https://z.moatads.com/mediacomusuberdcmdisplay780883465446/moatad.js (140)
[47886:259:0918/190104.763318:INFO:CONSOLE(1)] "UberMove-Text_Regular loaded", source: https://s0.2mdn.net/sadbundle/18338317207293727986/UBE_NA-US_MOB_DVR_05162022_WTW_Earnings%20Estimator_Display%20DV360_BNR_DKT_728x90_Eng_BR_SNUP_NA/banner.js (1)
[47886:259:0918/190104.763353:INFO:CONSOLE(1)] "UberMove-Text_Medium loaded", source: https://s0.2mdn.net/sadbundle/18338317207293727986/UBE_NA-US_MOB_DVR_05162022_WTW_Earnings%20Estimator_Display%20DV360_BNR_DKT_728x90_Eng_BR_SNUP_NA/banner.js (1)
[47886:259:0918/190104.774372:INFO:CONSOLE(140)] "The deviceorientation events are blocked by permissions policy. See https://github.com/w3c/webappsec-permissions-policy/blob/master/features.md#sensor-features", source: https://z.moatads.com/mediacomusuberdcmdisplay780883465446/moatad.js (140)
[47886:259:0918/190106.143268:INFO:CONSOLE(0)] "[DOM] Password field is not contained in a form: (More info: https://goo.gl/9p2vKq) %o", source: https://play.typeracer.com/ (0)
[47886:259:0918/190106.143299:INFO:CONSOLE(0)] "[DOM] Password field is not contained in a form: (More info: https://goo.gl/9p2vKq) %o", source: https://play.typeracer.com/ (0)
[47886:259:0918/190106.143315:INFO:CONSOLE(0)] "[DOM] Password field is not contained in a form: (More info: https://goo.gl/9p2vKq) %o", source: https://play.typeracer.com/ (0)
[47886:259:0918/190111.659402:INFO:CONSOLE(1)] "::: EG: reinstate :::", source: https://typeracer.com/dynamic_content/dynamic_content.min.js (1)
[47886:259:0918/190114.676731:INFO:CONSOLE(18)] "This ad's html cannot be accessed using the getHtml method on googletag.Slot. Returning the empty string instead.", source: https://securepubads.g.doubleclick.net/gpt/pubads_impl_2022091301.js (18)
[47886:259:0918/190114.819301:INFO:CONSOLE(2)] "Powered by AMP ⚡ HTML – Version 2208242209000 https://play.typeracer.com/", source: https://cdn.ampproject.org/rtv/012208242209000/amp4ads-v0.mjs (2)
[47886:259:0918/190114.836378:INFO:CONSOLE(2)] "Unrecognized feature: 'attribution-reporting'.", source: https://cdn.ampproject.org/rtv/012208242209000/v0/amp-ad-exit-0.1.mjs (2)
[47886:259:0918/190115.206848:INFO:CONSOLE(32)] "a: 0.001953125 ms", source: https://static.adsafeprotected.com/sca.17.5.12.js (32)
[47886:259:0918/190118.598594:INFO:CONSOLE(18)] "This ad's html cannot be accessed using the getHtml method on googletag.Slot. Returning the empty string instead.", source: https://securepubads.g.doubleclick.net/gpt/pubads_impl_2022091301.js (18)
[47886:259:0918/190118.610572:INFO:CONSOLE(2)] "Powered by AMP ⚡ HTML – Version 2208242209000 https://play.typeracer.com/", source: https://cdn.ampproject.org/rtv/012208242209000/amp4ads-v0.mjs (2)
[47886:259:0918/190118.621936:INFO:CONSOLE(2)] "Unrecognized feature: 'attribution-reporting'.", source: https://cdn.ampproject.org/rtv/012208242209000/v0/amp-ad-exit-0.1.mjs (2)
[47886:259:0918/190118.797382:INFO:CONSOLE(89)] "Unrecognized feature: 'attribution-reporting'.", source: https://www.googletagservices.com/dcm/impl_v90.js (89)
[47886:259:0918/190119.187731:INFO:CONSOLE(4)] "The deviceorientation events are blocked by permissions policy. See https://github.com/w3c/webappsec-permissions-policy/blob/master/features.md#sensor-features", source:  (4)
[47886:259:0918/190119.520576:INFO:CONSOLE(0)] "Mixed Content: The page at 'https://play.typeracer.com/' was loaded over HTTPS, but requested an insecure image 'http://e1.emxdgt.com/put?d=d46&uid=d2e2b537-fd8a-42a5-8e27-4b77d6dcafe2'. This content should also be served over HTTPS.", source: https://onetag-sys.com/static/creative-sandbox.html (0)
[47886:259:0918/190119.542286:INFO:CONSOLE(32)] "a: 0.002197265625 ms", source: https://static.adsafeprotected.com/sca.17.5.12.js (32)
[47886:259:0918/190142.013977:INFO:CONSOLE(18)] "This ad's html cannot be accessed using the getHtml method on googletag.Slot. Returning the empty string instead.", source: https://securepubads.g.doubleclick.net/gpt/pubads_impl_2022091301.js (18)
[47886:259:0918/190142.016693:INFO:CONSOLE(18)] "This ad's html cannot be accessed using the getHtml method on googletag.Slot. Returning the empty string instead.", source: https://securepubads.g.doubleclick.net/gpt/pubads_impl_2022091301.js (18)
[47886:259:0918/190142.048261:INFO:CONSOLE(2)] "Powered by AMP ⚡ HTML – Version 2208242209000 https://play.typeracer.com/", source: https://cdn.ampproject.org/rtv/012208242209000/amp4ads-v0.mjs (2)
[47886:259:0918/190142.070616:INFO:CONSOLE(2)] "Unrecognized feature: 'attribution-reporting'.", source: https://cdn.ampproject.org/rtv/012208242209000/v0/amp-ad-exit-0.1.mjs (2)
[47886:259:0918/190145.399954:INFO:CONSOLE(18)] "This ad's html cannot be accessed using the getHtml method on googletag.Slot. Returning the empty string instead.", source: https://securepubads.g.doubleclick.net/gpt/pubads_impl_2022091301.js (18)
[47886:259:0918/190208.735009:INFO:CONSOLE(18)] "This ad's html cannot be accessed using the getHtml method on googletag.Slot. Returning the empty string instead.", source: https://securepubads.g.doubleclick.net/gpt/pubads_impl_2022091301.js (18)
[47886:259:0918/190208.736892:INFO:CONSOLE(18)] "This ad's html cannot be accessed using the getHtml method on googletag.Slot. Returning the empty string instead.", source: https://securepubads.g.doubleclick.net/gpt/pubads_impl_2022091301.js (18)
[47886:259:0918/190208.756200:INFO:CONSOLE(2)] "Powered by AMP ⚡ HTML – Version 2208242209000 https://play.typeracer.com/", source: https://cdn.ampproject.org/rtv/012208242209000/amp4ads-v0.mjs (2)
[47886:259:0918/190208.775359:INFO:CONSOLE(2)] "Unrecognized feature: 'attribution-reporting'.", source: https://cdn.ampproject.org/rtv/012208242209000/v0/amp-ad-exit-0.1.mjs (2)
[47886:259:0918/190208.778987:INFO:CONSOLE(2)] "Powered by AMP ⚡ HTML – Version 2208242209000 https://play.typeracer.com/", source: https://cdn.ampproject.org/rtv/012208242209000/amp4ads-v0.mjs (2)
[47886:259:0918/190208.788738:INFO:CONSOLE(2)] "Unrecognized feature: 'attribution-reporting'.", source: https://cdn.ampproject.org/rtv/012208242209000/v0/amp-ad-exit-0.1.mjs (2)
[47886:259:0918/190303.192102:INFO:CONSOLE(18)] "This ad's html cannot be accessed using the getHtml method on googletag.Slot. Returning the empty string instead.", source: https://securepubads.g.doubleclick.net/gpt/pubads_impl_2022091301.js (18)
[47886:259:0918/190303.299158:INFO:CONSOLE(2)] "Powered by AMP ⚡ HTML – Version 2208242209000 https://play.typeracer.com/", source: https://cdn.ampproject.org/rtv/012208242209000/amp4ads-v0.mjs (2)
[47886:259:0918/190303.319138:INFO:CONSOLE(2)] "Unrecognized feature: 'attribution-reporting'.", source: https://cdn.ampproject.org/rtv/012208242209000/v0/amp-ad-exit-0.1.mjs (2)
[47886:259:0918/190325.349812:INFO:CONSOLE(18)] "This ad's html cannot be accessed using the getHtml method on googletag.Slot. Returning the empty string instead.", source: https://securepubads.g.doubleclick.net/gpt/pubads_impl_2022091301.js (18)
[47886:259:0918/190325.350698:INFO:CONSOLE(18)] "This ad's html cannot be accessed using the getHtml method on googletag.Slot. Returning the empty string instead.", source: https://securepubads.g.doubleclick.net/gpt/pubads_impl_2022091301.js (18)
[47886:259:0918/190325.373573:INFO:CONSOLE(2)] "Powered by AMP ⚡ HTML – Version 2208242209000 https://play.typeracer.com/", source: https://cdn.ampproject.org/rtv/012208242209000/amp4ads-v0.mjs (2)
[47886:259:0918/190325.391586:INFO:CONSOLE(2)] "Unrecognized feature: 'attribution-reporting'.", source: https://cdn.ampproject.org/rtv/012208242209000/v0/amp-ad-exit-0.1.mjs (2)
[47886:259:0918/190425.613262:INFO:CONSOLE(18)] "This ad's html cannot be accessed using the getHtml method on googletag.Slot. Returning the empty string instead.", source: https://securepubads.g.doubleclick.net/gpt/pubads_impl_2022091301.js (18)
[47886:259:0918/190425.628603:INFO:CONSOLE(2)] "Powered by AMP ⚡ HTML – Version 2208242209000 https://play.typeracer.com/", source: https://cdn.ampproject.org/rtv/012208242209000/amp4ads-v0.mjs (2)
[47886:259:0918/190425.648941:INFO:CONSOLE(2)] "Unrecognized feature: 'attribution-reporting'.", source: https://cdn.ampproject.org/rtv/012208242209000/v0/amp-ad-exit-0.1.mjs (2)
[47886:259:0918/190425.787342:INFO:CONSOLE(18)] "This ad's html cannot be accessed using the getHtml method on googletag.Slot. Returning the empty string instead.", source: https://securepubads.g.doubleclick.net/gpt/pubads_impl_2022091301.js (18)
[47886:259:0918/190425.799239:INFO:CONSOLE(2)] "Powered by AMP ⚡ HTML – Version 2208242209000 https://play.typeracer.com/", source: https://cdn.ampproject.org/rtv/012208242209000/amp4ads-v0.mjs (2)
[47886:259:0918/190425.809423:INFO:CONSOLE(2)] "Unrecognized feature: 'attribution-reporting'.", source: https://cdn.ampproject.org/rtv/012208242209000/v0/amp-ad-exit-0.1.mjs (2)
[47886:259:0918/190434.452414:INFO:CONSOLE(18)] "This ad's html cannot be accessed using the getHtml method on googletag.Slot. Returning the empty string instead.", source: https://securepubads.g.doubleclick.net/gpt/pubads_impl_2022091301.js (18)
[47886:259:0918/190434.454439:INFO:CONSOLE(18)] "This ad's html cannot be accessed using the getHtml method on googletag.Slot. Returning the empty string instead.", source: https://securepubads.g.doubleclick.net/gpt/pubads_impl_2022091301.js (18)
[47886:259:0918/190434.474751:INFO:CONSOLE(2)] "Powered by AMP ⚡ HTML – Version 2208242209000 https://play.typeracer.com/", source: https://cdn.ampproject.org/rtv/012208242209000/amp4ads-v0.mjs (2)
[47886:259:0918/190434.484285:INFO:CONSOLE(2)] "Unrecognized feature: 'attribution-reporting'.", source: https://cdn.ampproject.org/rtv/012208242209000/v0/amp-ad-exit-0.1.mjs (2)
[47886:259:0918/190525.712528:INFO:CONSOLE(18)] "This ad's html cannot be accessed using the getHtml method on googletag.Slot. Returning the empty string instead.", source: https://securepubads.g.doubleclick.net/gpt/pubads_impl_2022091301.js (18)
[47886:259:0918/190525.714565:INFO:CONSOLE(18)] "This ad's html cannot be accessed using the getHtml method on googletag.Slot. Returning the empty string instead.", source: https://securepubads.g.doubleclick.net/gpt/pubads_impl_2022091301.js (18)
[47886:259:0918/190525.734704:INFO:CONSOLE(2)] "Powered by AMP ⚡ HTML – Version 2208242209000 https://play.typeracer.com/", source: https://cdn.ampproject.org/rtv/012208242209000/amp4ads-v0.mjs (2)
[47886:259:0918/190525.741522:INFO:CONSOLE(2)] "Powered by AMP ⚡ HTML – Version 2208242209000 https://play.typeracer.com/", source: https://cdn.ampproject.org/rtv/012208242209000/amp4ads-v0.mjs (2)
[47886:259:0918/190525.746952:INFO:CONSOLE(2)] "Unrecognized feature: 'attribution-reporting'.", source: https://cdn.ampproject.org/rtv/012208242209000/v0/amp-ad-exit-0.1.mjs (2)
[47886:259:0918/190525.772758:INFO:CONSOLE(2)] "Unrecognized feature: 'attribution-reporting'.", source: https://cdn.ampproject.org/rtv/012208242209000/v0/amp-ad-exit-0.1.mjs (2)
[47886:259:0918/190625.808265:INFO:CONSOLE(18)] "This ad's html cannot be accessed using the getHtml method on googletag.Slot. Returning the empty string instead.", source: https://securepubads.g.doubleclick.net/gpt/pubads_impl_2022091301.js (18)
[47886:259:0918/190625.914499:INFO:CONSOLE(2)] "Powered by AMP ⚡ HTML – Version 2208242209000 https://play.typeracer.com/", source: https://cdn.ampproject.org/rtv/012208242209000/amp4ads-v0.mjs (2)
[47886:259:0918/190625.937990:INFO:CONSOLE(2)] "Unrecognized feature: 'attribution-reporting'.", source: https://cdn.ampproject.org/rtv/012208242209000/v0/amp-ad-exit-0.1.mjs (2)
[47886:259:0918/190626.220079:INFO:CONSOLE(89)] "Unrecognized feature: 'attribution-reporting'.", source: https://www.googletagservices.com/dcm/impl_v90.js (89)
[47886:259:0918/190714.656484:INFO:CONSOLE(18)] "This ad's html cannot be accessed using the getHtml method on googletag.Slot. Returning the empty string instead.", source: https://securepubads.g.doubleclick.net/gpt/pubads_impl_2022091301.js (18)
[47886:259:0918/190714.658165:INFO:CONSOLE(18)] "This ad's html cannot be accessed using the getHtml method on googletag.Slot. Returning the empty string instead.", source: https://securepubads.g.doubleclick.net/gpt/pubads_impl_2022091301.js (18)
[47886:259:0918/190714.676417:INFO:CONSOLE(2)] "Powered by AMP ⚡ HTML – Version 2208242209000 https://play.typeracer.com/", source: https://cdn.ampproject.org/rtv/012208242209000/amp4ads-v0.mjs (2)
[47886:259:0918/190714.701867:INFO:CONSOLE(2)] "Unrecognized feature: 'attribution-reporting'.", source: https://cdn.ampproject.org/rtv/012208242209000/v0/amp-ad-exit-0.1.mjs (2)
[47886:259:0918/190714.706528:INFO:CONSOLE(2)] "Powered by AMP ⚡ HTML – Version 2208242209000 https://play.typeracer.com/", source: https://cdn.ampproject.org/rtv/012208242209000/amp4ads-v0.mjs (2)
[47886:259:0918/190714.727654:INFO:CONSOLE(2)] "Unrecognized feature: 'attribution-reporting'.", source: https://cdn.ampproject.org/rtv/012208242209000/v0/amp-ad-exit-0.1.mjs (2)
[47886:259:0918/190753.418575:INFO:CONSOLE(1)] "fun-hooks: referenced 'adpod' but it was never created", source: https://play.typeracer.com/?universe=accuracy (1)
[47886:259:0918/190753.961207:INFO:CONSOLE(1)] "::: EG: launchAds :::", source: https://typeracer.com/dynamic_content/dynamic_content.min.js (1)
[47886:259:0918/190757.167244:INFO:CONSOLE(18)] "This ad's html cannot be accessed using the getHtml method on googletag.Slot. Returning the empty string instead.", source: https://securepubads.g.doubleclick.net/gpt/pubads_impl_2022091301.js (18)
[47886:259:0918/190757.170238:INFO:CONSOLE(18)] "This ad's html cannot be accessed using the getHtml method on googletag.Slot. Returning the empty string instead.", source: https://securepubads.g.doubleclick.net/gpt/pubads_impl_2022091301.js (18)
[47886:259:0918/190757.188487:INFO:CONSOLE(2)] "Powered by AMP ⚡ HTML – Version 2208242209000 https://play.typeracer.com/?universe=accuracy", source: https://cdn.ampproject.org/rtv/012208242209000/amp4ads-v0.mjs (2)
[47886:259:0918/190757.195647:INFO:CONSOLE(2)] "Unrecognized feature: 'attribution-reporting'.", source: https://cdn.ampproject.org/rtv/012208242209000/v0/amp-ad-exit-0.1.mjs (2)
[47886:259:0918/190757.221028:INFO:CONSOLE(2)] "Powered by AMP ⚡ HTML – Version 2208242209000 https://play.typeracer.com/?universe=accuracy", source: https://cdn.ampproject.org/rtv/012208242209000/amp4ads-v0.mjs (2)
[47886:259:0918/190757.242508:INFO:CONSOLE(2)] "Unrecognized feature: 'attribution-reporting'.", source: https://cdn.ampproject.org/rtv/012208242209000/v0/amp-ad-exit-0.1.mjs (2)
[47886:259:0918/190758.008976:INFO:CONSOLE(18)] "This ad's html cannot be accessed using the getHtml method on googletag.Slot. Returning the empty string instead.", source: https://securepubads.g.doubleclick.net/gpt/pubads_impl_2022091301.js (18)
[47886:259:0918/190758.010577:INFO:CONSOLE(18)] "This ad's html cannot be accessed using the getHtml method on googletag.Slot. Returning the empty string instead.", source: https://securepubads.g.doubleclick.net/gpt/pubads_impl_2022091301.js (18)
[47886:259:0918/190758.015112:INFO:CONSOLE(2)] "Powered by AMP ⚡ HTML – Version 2208242209000 https://play.typeracer.com/?universe=accuracy", source: https://cdn.ampproject.org/rtv/012208242209000/amp4ads-v0.mjs (2)
[47886:259:0918/190758.017513:INFO:CONSOLE(2)] "Powered by AMP ⚡ HTML – Version 2208242209000 https://play.typeracer.com/?universe=accuracy", source: https://cdn.ampproject.org/rtv/012208242209000/amp4ads-v0.mjs (2)
[47886:259:0918/190758.741653:INFO:CONSOLE(2)] "Unrecognized feature: 'attribution-reporting'.", source: https://cdn.ampproject.org/rtv/012208242209000/v0/amp-ad-exit-0.1.mjs (2)
[47886:259:0918/190758.765218:INFO:CONSOLE(2)] "Unrecognized feature: 'attribution-reporting'.", source: https://cdn.ampproject.org/rtv/012208242209000/v0/amp-ad-exit-0.1.mjs (2)
[47886:259:0918/190809.305286:INFO:CONSOLE(18)] "This ad's html cannot be accessed using the getHtml method on googletag.Slot. Returning the empty string instead.", source: https://securepubads.g.doubleclick.net/gpt/pubads_impl_2022091301.js (18)
[47886:259:0918/190809.464656:INFO:CONSOLE(18)] "This ad's html cannot be accessed using the getHtml method on googletag.Slot. Returning the empty string instead.", source: https://securepubads.g.doubleclick.net/gpt/pubads_impl_2022091301.js (18)
[47886:259:0918/190809.480010:INFO:CONSOLE(2)] "Powered by AMP ⚡ HTML – Version 2208242209000 https://play.typeracer.com/?universe=accuracy", source: https://cdn.ampproject.org/rtv/012208242209000/amp4ads-v0.mjs (2)
[47886:259:0918/190809.486730:INFO:CONSOLE(2)] "Powered by AMP ⚡ HTML – Version 2208242209000 https://play.typeracer.com/?universe=accuracy", source: https://cdn.ampproject.org/rtv/012208242209000/amp4ads-v0.mjs (2)
[47886:259:0918/190809.509428:INFO:CONSOLE(2)] "Unrecognized feature: 'attribution-reporting'.", source: https://cdn.ampproject.org/rtv/012208242209000/v0/amp-ad-exit-0.1.mjs (2)
[47886:259:0918/190809.513655:INFO:CONSOLE(2)] "Unrecognized feature: 'attribution-reporting'.", source: https://cdn.ampproject.org/rtv/012208242209000/v0/amp-ad-exit-0.1.mjs (2)
[47886:259:0918/190812.835628:INFO:CONSOLE(18)] "This ad's html cannot be accessed using the getHtml method on googletag.Slot. Returning the empty string instead.", source: https://securepubads.g.doubleclick.net/gpt/pubads_impl_2022091301.js (18)
[47886:259:0918/190812.836713:INFO:CONSOLE(18)] "This ad's html cannot be accessed using the getHtml method on googletag.Slot. Returning the empty string instead.", source: https://securepubads.g.doubleclick.net/gpt/pubads_impl_2022091301.js (18)
[47886:259:0918/190812.843071:INFO:CONSOLE(2)] "Powered by AMP ⚡ HTML – Version 2208242209000 https://play.typeracer.com/?universe=accuracy", source: https://cdn.ampproject.org/rtv/012208242209000/amp4ads-v0.mjs (2)
[47886:259:0918/190812.850709:INFO:CONSOLE(2)] "Powered by AMP ⚡ HTML – Version 2208242209000 https://play.typeracer.com/?universe=accuracy", source: https://cdn.ampproject.org/rtv/012208242209000/amp4ads-v0.mjs (2)
[47886:259:0918/190812.859926:INFO:CONSOLE(2)] "Unrecognized feature: 'attribution-reporting'.", source: https://cdn.ampproject.org/rtv/012208242209000/v0/amp-ad-exit-0.1.mjs (2)
[47886:259:0918/190812.877365:INFO:CONSOLE(2)] "Unrecognized feature: 'attribution-reporting'.", source: https://cdn.ampproject.org/rtv/012208242209000/v0/amp-ad-exit-0.1.mjs (2)
[47886:259:0918/190831.042336:INFO:CONSOLE(1154)] "Unable to preventDefault inside passive event listener due to target being treated as passive. See https://www.chromestatus.com/feature/6662647093133312", source: com.typeracer.redesign.Redesign-0.js (1154)
[47886:259:0918/190831.049906:INFO:CONSOLE(1154)] "Unable to preventDefault inside passive event listener due to target being treated as passive. See https://www.chromestatus.com/feature/6662647093133312", source: com.typeracer.redesign.Redesign-0.js (1154)
[47886:259:0918/190831.063978:INFO:CONSOLE(1154)] "Unable to preventDefault inside passive event listener due to target being treated as passive. See https://www.chromestatus.com/feature/6662647093133312", source: com.typeracer.redesign.Redesign-0.js (1154)
[47886:259:0918/190831.080630:INFO:CONSOLE(1154)] "Unable to preventDefault inside passive event listener due to target being treated as passive. See https://www.chromestatus.com/feature/6662647093133312", source: com.typeracer.redesign.Redesign-0.js (1154)
[47886:259:0918/190831.097217:INFO:CONSOLE(1154)] "Unable to preventDefault inside passive event listener due to target being treated as passive. See https://www.chromestatus.com/feature/6662647093133312", source: com.typeracer.redesign.Redesign-0.js (1154)
[47886:259:0918/190831.113742:INFO:CONSOLE(1154)] "Unable to preventDefault inside passive event listener due to target being treated as passive. See https://www.chromestatus.com/feature/6662647093133312", source: com.typeracer.redesign.Redesign-0.js (1154)
[47886:259:0918/190831.130248:INFO:CONSOLE(1154)] "Unable to preventDefault inside passive event listener due to target being treated as passive. See https://www.chromestatus.com/feature/6662647093133312", source: com.typeracer.redesign.Redesign-0.js (1154)
[47886:259:0918/190831.146804:INFO:CONSOLE(1154)] "Unable to preventDefault inside passive event listener due to target being treated as passive. See https://www.chromestatus.com/feature/6662647093133312", source: com.typeracer.redesign.Redesign-0.js (1154)
[47886:259:0918/190831.167080:INFO:CONSOLE(1154)] "Unable to preventDefault inside passive event listener due to target being treated as passive. See https://www.chromestatus.com/feature/6662647093133312", source: com.typeracer.redesign.Redesign-0.js (1154)
[47886:259:0918/190831.196821:INFO:CONSOLE(1154)] "Unable to preventDefault inside passive event listener due to target being treated as passive. See https://www.chromestatus.com/feature/6662647093133312", source: com.typeracer.redesign.Redesign-0.js (1154)
[47886:259:0918/190831.212833:INFO:CONSOLE(1154)] "Unable to preventDefault inside passive event listener due to target being treated as passive. See https://www.chromestatus.com/feature/6662647093133312", source: com.typeracer.redesign.Redesign-0.js (1154)
[47886:259:0918/190831.230295:INFO:CONSOLE(1154)] "Unable to preventDefault inside passive event listener due to target being treated as passive. See https://www.chromestatus.com/feature/6662647093133312", source: com.typeracer.redesign.Redesign-0.js (1154)
[47886:259:0918/190831.246813:INFO:CONSOLE(1154)] "Unable to preventDefault inside passive event listener due to target being treated as passive. See https://www.chromestatus.com/feature/6662647093133312", source: com.typeracer.redesign.Redesign-0.js (1154)
[47886:259:0918/190831.263318:INFO:CONSOLE(1154)] "Unable to preventDefault inside passive event listener due to target being treated as passive. See https://www.chromestatus.com/feature/6662647093133312", source: com.typeracer.redesign.Redesign-0.js (1154)
[47886:259:0918/190831.279286:INFO:CONSOLE(1154)] "Unable to preventDefault inside passive event listener due to target being treated as passive. See https://www.chromestatus.com/feature/6662647093133312", source: com.typeracer.redesign.Redesign-0.js (1154)
[47886:259:0918/190831.295926:INFO:CONSOLE(1154)] "Unable to preventDefault inside passive event listener due to target being treated as passive. See https://www.chromestatus.com/feature/6662647093133312", source: com.typeracer.redesign.Redesign-0.js (1154)
[47886:259:0918/190831.313333:INFO:CONSOLE(1154)] "Unable to preventDefault inside passive event listener due to target being treated as passive. See https://www.chromestatus.com/feature/6662647093133312", source: com.typeracer.redesign.Redesign-0.js (1154)
[47886:259:0918/190831.329892:INFO:CONSOLE(1154)] "Unable to preventDefault inside passive event listener due to target being treated as passive. See https://www.chromestatus.com/feature/6662647093133312", source: com.typeracer.redesign.Redesign-0.js (1154)
[47886:259:0918/190831.346497:INFO:CONSOLE(1154)] "Unable to preventDefault inside passive event listener due to target being treated as passive. See https://www.chromestatus.com/feature/6662647093133312", source: com.typeracer.redesign.Redesign-0.js (1154)
[47886:259:0918/190831.363991:INFO:CONSOLE(1154)] "Unable to preventDefault inside passive event listener due to target being treated as passive. See https://www.chromestatus.com/feature/6662647093133312", source: com.typeracer.redesign.Redesign-0.js (1154)
[47886:259:0918/190831.380514:INFO:CONSOLE(1154)] "Unable to preventDefault inside passive event listener due to target being treated as passive. See https://www.chromestatus.com/feature/6662647093133312", source: com.typeracer.redesign.Redesign-0.js (1154)
[47886:259:0918/190831.397042:INFO:CONSOLE(1154)] "Unable to preventDefault inside passive event listener due to target being treated as passive. See https://www.chromestatus.com/feature/6662647093133312", source: com.typeracer.redesign.Redesign-0.js (1154)
[47886:259:0918/190831.412722:INFO:CONSOLE(1154)] "Unable to preventDefault inside passive event listener due to target being treated as passive. See https://www.chromestatus.com/feature/6662647093133312", source: com.typeracer.redesign.Redesign-0.js (1154)
[47886:259:0918/190831.434796:INFO:CONSOLE(1154)] "Unable to preventDefault inside passive event listener due to target being treated as passive. See https://www.chromestatus.com/feature/6662647093133312", source: com.typeracer.redesign.Redesign-0.js (1154)
[47886:259:0918/190831.463426:INFO:CONSOLE(1154)] "Unable to preventDefault inside passive event listener due to target being treated as passive. See https://www.chromestatus.com/feature/6662647093133312", source: com.typeracer.redesign.Redesign-0.js (1154)
[47886:259:0918/190831.481334:INFO:CONSOLE(1154)] "Unable to preventDefault inside passive event listener due to target being treated as passive. See https://www.chromestatus.com/feature/6662647093133312", source: com.typeracer.redesign.Redesign-0.js (1154)
[47886:259:0918/190832.888507:INFO:CONSOLE(18)] "This ad's html cannot be accessed using the getHtml method on googletag.Slot. Returning the empty string instead.", source: https://securepubads.g.doubleclick.net/gpt/pubads_impl_2022091301.js (18)
[47886:259:0918/190832.952449:INFO:CONSOLE(2)] "Powered by AMP ⚡ HTML – Version 2208242209000 https://play.typeracer.com/?universe=accuracy", source: https://cdn.ampproject.org/rtv/012208242209000/amp4ads-v0.mjs (2)
[47886:259:0918/190833.066509:INFO:CONSOLE(2)] "Unrecognized feature: 'attribution-reporting'.", source: https://cdn.ampproject.org/rtv/012208242209000/v0/amp-ad-exit-0.1.mjs (2)
[47886:259:0918/190833.145706:INFO:CONSOLE(0)] "Refused to execute script from 'https://track.activemetering.com/pixel/v1/all/pixel.gif?cid=7848c5d5-5c87-4dfd-a309-d5673f750357&creativeId=177729765&placementId=345125861&siteId=4553089&campaignId=28156758&adId=536743121' because its MIME type ('image/gif') is not executable.", source: https://play.typeracer.com/?universe=accuracy (0)
